[35m[Appium][39m Welcome to Appium v1.21.0
[35m[Appium][39m Non-default server args:
[35m[Appium][39m   port: 55929
[35m[Appium][39m   loglevel: info
[35m[Appium][39m   tmpDir: C:\Users\ASUS\AppData\Local\Temp\\Katalon\Appium\Temp1623428591568
[35m[Appium][39m   chromedriverPort: 55930
[35m[Appium][39m Deprecated server args:
[35m[Appium][39m   [31m--chromedriver-port[39m => --default-capabilities
[35m[Appium][39m Default capabilities, which will be added to each request unless overridden by desired capabilities:
[35m[Appium][39m   chromedriverPort: 55930
[35m[Appium][39m Appium REST http interface listener started on 0.0.0.0:55929
[35m[HTTP][39m [37m-->[39m [37mGET[39m [37m/wd/hub/status[39m
[35m[HTTP][39m [90m{}[39m
[35m[HTTP][39m [37m<-- GET /wd/hub/status [39m[32m200[39m [90m6 ms - 68[39m
[35m[HTTP][39m [90m[39m
[35m[HTTP][39m [37m-->[39m [37mGET[39m [37m/wd/hub/status[39m
[35m[HTTP][39m [90m{}[39m
[35m[HTTP][39m [37m<-- GET /wd/hub/status [39m[32m200[39m [90m1 ms - 68[39m
[35m[HTTP][39m [90m[39m
[35m[HTTP][39m [37m-->[39m [37mPOST[39m [37m/wd/hub/session[39m
[35m[HTTP][39m [90m{"desiredCapabilities":{"app":"C:\\Users\\ASUS\\Katalon Studio\\CalculatorBDD\\AndroidApp\\Calculator.apk","noReset":true,"deviceName":"HUAWEI YAL-L21 (Android 10)","fullReset":false,"platform":"ANDROID","newCommandTimeout":1800,"platformVersion":"10","automationName":"uiautomator2","autoGrantPermissions":true,"platformName":"Android","udid":"SDEDU19C23002431","systemPort":55935},"capabilities":{"firstMatch":[{"appium:app":"C:\\Users\\ASUS\\Katalon Studio\\CalculatorBDD\\AndroidApp\\Calculator.apk","appium:autoGrantPermissions":true,"appium:automationName":"uiautomator2","appium:deviceName":"HUAWEI YAL-L21 (Android 10)","appium:fullReset":false,"appium:newCommandTimeout":1800,"appium:noReset":true,"platform":"ANDROID","platformName":"android","appium:platformVersion":"10","appium:systemPort":55935,"appium:udid":"SDEDU19C23002431"}]}}[39m
[35m[BaseDriver][39m The following capabilities are not standard capabilities and should have an extension prefix:
[35m[BaseDriver][39m   platform
[35m[BaseDriver][39m   chromedriverPort
[35m[Appium][39m Appium v1.21.0 creating new AndroidUiautomator2Driver (v1.65.0) session
[35m[BaseDriver][39m The following capabilities were provided, but are not recognized by Appium:
[35m[BaseDriver][39m   platform
[35m[BaseDriver][39m Session created with session id: ee57d0d1-b921-4cdb-8198-0fd8b49dd9e6
[35m[BaseDriver][39m Using local app 'C:\Users\ASUS\Katalon Studio\CalculatorBDD\AndroidApp\Calculator.apk'
[35m[ADB][39m Found 1 'build-tools' folders under 'C:\Users\ASUS\.katalon\tools\android_sdk' (newest first):
[35m[ADB][39m     C:/Users/ASUS/.katalon/tools/android_sdk/build-tools/29.0.3
[35m[ADB][39m Using 'adb.exe' from 'C:\Users\ASUS\.katalon\tools\android_sdk\platform-tools\adb.exe'
[35m[AndroidDriver][39m Retrieving device list
[35m[AndroidDriver][39m Using device: SDEDU19C23002431
[35m[ADB][39m Using 'adb.exe' from 'C:\Users\ASUS\.katalon\tools\android_sdk\platform-tools\adb.exe'
[35m[ADB][39m Getting device platform version
[35m[UiAutomator2][39m Relaxing hidden api policy
[35m[ADB][39m Package name: 'com.google.android.calculator'
[35m[ADB][39m Main activity name: 'com.android.calculator2.Calculator'
[35m[ADB][39m Using 'apksigner.jar' from 'C:\Users\ASUS\.katalon\tools\android_sdk\build-tools\29.0.3\lib\apksigner.jar'
[35m[ADB][39m 'C:\Users\ASUS\AppData\Roaming\npm\node_modules\appium\node_modules\appium-uiautomator2-server\apks\appium-uiautomator2-server-v4.21.1.apk' is signed with the default certificate
[35m[ADB][39m 'C:\Users\ASUS\AppData\Roaming\npm\node_modules\appium\node_modules\appium-uiautomator2-server\apks\appium-uiautomator2-server-debug-androidTest.apk' is signed with the default certificate
[35m[UiAutomator2][39m Server packages are not going to be (re)installed
[35m[ADB][39m Adding packages ["io.appium.settings","io.appium.uiautomator2.server","io.appium.uiautomator2.server.test"] to Doze whitelist
[35m[ADB][39m 'C:\Users\ASUS\Katalon Studio\CalculatorBDD\AndroidApp\Calculator.apk' is signed with a non-default certificate
[35m[UiAutomator2][39m Starting UIAutomator2 server 4.21.1
[35m[UiAutomator2][39m Using UIAutomator2 server from 'C:\Users\ASUS\AppData\Roaming\npm\node_modules\appium\node_modules\appium-uiautomator2-server\apks\appium-uiautomator2-server-v4.21.1.apk' and test from 'C:\Users\ASUS\AppData\Roaming\npm\node_modules\appium\node_modules\appium-uiautomator2-server\apks\appium-uiautomator2-server-debug-androidTest.apk'
[35m[UiAutomator2][39m Waiting up to 30000ms for UiAutomator2 to be online...
[35m[WD Proxy][39m socket hang up
[35m[WD Proxy][39m socket hang up
[35m[WD Proxy][39m Determined the downstream protocol as 'W3C'
[35m[AndroidDriver][39m Screen already unlocked, doing nothing
[35m[UiAutomator2][39m Starting 'com.google.android.calculator/com.android.calculator2.Calculator and waiting for 'com.google.android.calculator/com.android.calculator2.Calculator'
[35m[Appium][39m New AndroidUiautomator2Driver session created successfully, session ee57d0d1-b921-4cdb-8198-0fd8b49dd9e6 added to master session list
[35m[HTTP][39m [37m<-- POST /wd/hub/session [39m[32m200[39m [90m7204 ms - 1330[39m
[35m[HTTP][39m [90m[39m
[35m[HTTP][39m [37m-->[39m [37mGET[39m [37m/wd/hub/session/ee57d0d1-b921-4cdb-8198-0fd8b49dd9e6[39m
[35m[HTTP][39m [90m{}[39m
[35m[HTTP][39m [37m<-- GET /wd/hub/session/ee57d0d1-b921-4cdb-8198-0fd8b49dd9e6 [39m[32m200[39m [90m9 ms - 1284[39m
[35m[HTTP][39m [90m[39m
[35m[HTTP][39m [37m-->[39m [37mGET[39m [37m/wd/hub/session/ee57d0d1-b921-4cdb-8198-0fd8b49dd9e6[39m
[35m[HTTP][39m [90m{}[39m
[35m[HTTP][39m [37m<-- GET /wd/hub/session/ee57d0d1-b921-4cdb-8198-0fd8b49dd9e6 [39m[32m200[39m [90m8 ms - 1284[39m
[35m[HTTP][39m [90m[39m
[35m[HTTP][39m [37m-->[39m [37mGET[39m [37m/wd/hub/status[39m
[35m[HTTP][39m [90m{}[39m
[35m[HTTP][39m [37m<-- GET /wd/hub/status [39m[32m200[39m [90m1 ms - 68[39m
[35m[HTTP][39m [90m[39m
[35m[HTTP][39m [37m-->[39m [37mPOST[39m [37m/wd/hub/session/ee57d0d1-b921-4cdb-8198-0fd8b49dd9e6/timeouts[39m
[35m[HTTP][39m [90m{"implicit":60000}[39m
[35m[HTTP][39m [37m<-- POST /wd/hub/session/ee57d0d1-b921-4cdb-8198-0fd8b49dd9e6/timeouts [39m[32m200[39m [90m4 ms - 14[39m
[35m[HTTP][39m [90m[39m
[35m[HTTP][39m [37m-->[39m [37mGET[39m [37m/wd/hub/session/ee57d0d1-b921-4cdb-8198-0fd8b49dd9e6/source[39m
[35m[HTTP][39m [90m{}[39m
[35m[W3C (ee57d0d1)][39m Driver proxy active, passing request on via HTTP proxy
[35m[WD Proxy][39m Replacing sessionId d11c1653-4581-4e5d-8905-56d1ac0280fb with ee57d0d1-b921-4cdb-8198-0fd8b49dd9e6
[35m[HTTP][39m [37m<-- GET /wd/hub/session/ee57d0d1-b921-4cdb-8198-0fd8b49dd9e6/source [39m[32m200[39m [90m535 ms - 26745[39m
[35m[HTTP][39m [90m[39m
[35m[HTTP][39m [37m-->[39m [37mGET[39m [37m/wd/hub/session/ee57d0d1-b921-4cdb-8198-0fd8b49dd9e6/screenshot[39m
[35m[HTTP][39m [90m{}[39m
[35m[HTTP][39m [37m<-- GET /wd/hub/session/ee57d0d1-b921-4cdb-8198-0fd8b49dd9e6/screenshot [39m[32m200[39m [90m277 ms - 121320[39m
[35m[HTTP][39m [90m[39m
[35m[HTTP][39m [37m-->[39m [37mGET[39m [37m/wd/hub/session/ee57d0d1-b921-4cdb-8198-0fd8b49dd9e6/source[39m
[35m[HTTP][39m [90m{}[39m
[35m[W3C (ee57d0d1)][39m Driver proxy active, passing request on via HTTP proxy
[35m[WD Proxy][39m Replacing sessionId d11c1653-4581-4e5d-8905-56d1ac0280fb with ee57d0d1-b921-4cdb-8198-0fd8b49dd9e6
[35m[HTTP][39m [37m<-- GET /wd/hub/session/ee57d0d1-b921-4cdb-8198-0fd8b49dd9e6/source [39m[32m200[39m [90m229 ms - 26682[39m
[35m[HTTP][39m [90m[39m
[35m[HTTP][39m [37m-->[39m [37mGET[39m [37m/wd/hub/session/ee57d0d1-b921-4cdb-8198-0fd8b49dd9e6/screenshot[39m
[35m[HTTP][39m [90m{}[39m
[35m[HTTP][39m [37m<-- GET /wd/hub/session/ee57d0d1-b921-4cdb-8198-0fd8b49dd9e6/screenshot [39m[32m200[39m [90m391 ms - 147146[39m
[35m[HTTP][39m [90m[39m
[35m[HTTP][39m [37m-->[39m [37mGET[39m [37m/wd/hub/session/ee57d0d1-b921-4cdb-8198-0fd8b49dd9e6/source[39m
[35m[HTTP][39m [90m{}[39m
[35m[W3C (ee57d0d1)][39m Driver proxy active, passing request on via HTTP proxy
[35m[WD Proxy][39m Replacing sessionId d11c1653-4581-4e5d-8905-56d1ac0280fb with ee57d0d1-b921-4cdb-8198-0fd8b49dd9e6
[35m[HTTP][39m [37m<-- GET /wd/hub/session/ee57d0d1-b921-4cdb-8198-0fd8b49dd9e6/source [39m[32m200[39m [90m186 ms - 25627[39m
[35m[HTTP][39m [90m[39m
[35m[HTTP][39m [37m-->[39m [37mGET[39m [37m/wd/hub/session/ee57d0d1-b921-4cdb-8198-0fd8b49dd9e6/screenshot[39m
[35m[HTTP][39m [90m{}[39m
[35m[HTTP][39m [37m<-- GET /wd/hub/session/ee57d0d1-b921-4cdb-8198-0fd8b49dd9e6/screenshot [39m[32m200[39m [90m387 ms - 134588[39m
[35m[HTTP][39m [90m[39m
[35m[HTTP][39m [37m-->[39m [37mPOST[39m [37m/wd/hub/session/ee57d0d1-b921-4cdb-8198-0fd8b49dd9e6/elements[39m
[35m[HTTP][39m [90m{"using":"xpath","value":"//*[@class = 'android.widget.Button' and (@text = 'C' or . = 'C') and @resource-id = 'com.google.android.calculator:id/clr']"}[39m
[35m[HTTP][39m [37m<-- POST /wd/hub/session/ee57d0d1-b921-4cdb-8198-0fd8b49dd9e6/elements [39m[32m200[39m [90m174 ms - 139[39m
[35m[HTTP][39m [90m[39m
[35m[HTTP][39m [37m-->[39m [37mGET[39m [37m/wd/hub/session/ee57d0d1-b921-4cdb-8198-0fd8b49dd9e6/source[39m
[35m[HTTP][39m [90m{}[39m
[35m[W3C (ee57d0d1)][39m Driver proxy active, passing request on via HTTP proxy
[35m[WD Proxy][39m Replacing sessionId d11c1653-4581-4e5d-8905-56d1ac0280fb with ee57d0d1-b921-4cdb-8198-0fd8b49dd9e6
[35m[HTTP][39m [37m<-- GET /wd/hub/session/ee57d0d1-b921-4cdb-8198-0fd8b49dd9e6/source [39m[32m200[39m [90m144 ms - 25627[39m
[35m[HTTP][39m [90m[39m
[35m[HTTP][39m [37m-->[39m [37mGET[39m [37m/wd/hub/session/ee57d0d1-b921-4cdb-8198-0fd8b49dd9e6/screenshot[39m
[35m[HTTP][39m [90m{}[39m
[35m[HTTP][39m [37m<-- GET /wd/hub/session/ee57d0d1-b921-4cdb-8198-0fd8b49dd9e6/screenshot [39m[32m200[39m [90m387 ms - 135192[39m
[35m[HTTP][39m [90m[39m
[35m[HTTP][39m [37m-->[39m [37mDELETE[39m [37m/wd/hub/session/ee57d0d1-b921-4cdb-8198-0fd8b49dd9e6[39m
[35m[HTTP][39m [90m{}[39m
[35m[Appium][39m Removing session ee57d0d1-b921-4cdb-8198-0fd8b49dd9e6 from our master session list
[35m[UiAutomator2][39m Restoring hidden api policy to the device default configuration
[35m[HTTP][39m [37m<-- DELETE /wd/hub/session/ee57d0d1-b921-4cdb-8198-0fd8b49dd9e6 [39m[32m200[39m [90m365 ms - 14[39m
[35m[HTTP][39m [90m[39m
